This is pdfTeX, Version 3.141592653-2.6-1.40.25 (TeX Live 2023/Debian) (preloaded format=latex 2024.7.12)  12 JUL 2024 20:06
entering extended mode
 restricted \write18 enabled.
 %&-line parsing enabled.
**pdftex foundations.tex
(/usr/share/texlive/texmf-dist/tex/latex/tools/x.tex
LaTeX2e <2023-11-01> patch level 1
L3 programming layer <2024-01-22>

! .
l.38   \batchmode \errmessage{}
                               \csname @@end\endcsname \end
This error message was generated by an \errmessage
command, so I can't give any explicit help.
Pretend that you're Hercule Poirot: Examine all clues,
and deduce the truth by order and method.

 ) 
Here is how much of TeX's memory you used:
 18 strings out of 474223
 508 string characters out of 5748759
 1922972 words of memory out of 5000000
 22370 multiletter control sequences out of 15000+600000
 558069 words of font info for 36 fonts, out of 8000000 for 9000
 1141 hyphenation exceptions out of 8191
 12i,0n,13p,102b,8s stack positions out of 10000i,1000n,20000p,200000b,200000s

No pages of output.
